<?xml version="1.0" encoding="UTF-8"?>
<!-- Generated by org.testng.reporters.JUnitReportReporter -->
<testsuite hostname="DESKTOP-8VC3154" failures="0" tests="2" name="exceldata.xldatacls" time="0.076" errors="0" timestamp="2024-09-28T17:02:58 IST" skipped="0">
  <testcase classname="exceldata.xldatacls" name="printdt" time="0.029"/>
  <system-out/>
  <testcase classname="exceldata.xldatacls" name="printdt" time="0.047"/>
  <system-out/>
</testsuite> <!-- exceldata.xldatacls -->
