<?xml version="1.0" encoding="UTF-8"?>
<!-- Generated by org.testng.reporters.JUnitReportReporter -->
<testsuite hostname="DESKTOP-8VC3154" failures="0" tests="4" name="apitestpkg.apitestcls" time="8.898" errors="0" timestamp="2024-08-13T10:57:23 IST" skipped="0">
  <testcase classname="apitestpkg.apitestcls" name="post" time="4.852"/>
  <system-out/>
  <testcase classname="apitestpkg.apitestcls" name="get" time="1.362"/>
  <system-out/>
  <testcase classname="apitestpkg.apitestcls" name="put" time="1.282"/>
  <system-out/>
  <testcase classname="apitestpkg.apitestcls" name="delete" time="1.402"/>
  <system-out/>
</testsuite> <!-- apitestpkg.apitestcls -->
